<?xml version="1.0" encoding="UTF-8"?>
<!-- Generated by org.testng.reporters.JUnitReportReporter -->
<testsuite hostname="WKWZTCqljmj6AVq" failures="0" tests="3" name="testRunner.TestRunner" time="70.747" errors="0" timestamp="2024-01-28T00:39:50 IST" skipped="0">
  <testcase classname="testRunner.TestRunner" name="runScenario" time="25.122"/>
  <testcase classname="testRunner.TestRunner" name="runScenario" time="25.708"/>
  <testcase classname="testRunner.TestRunner" name="runScenario" time="19.917"/>
</testsuite> <!-- testRunner.TestRunner -->
